<?xml version="1.0" encoding="UTF-8"?>
<!-- Generated by org.testng.reporters.JUnitReportReporter -->
<testsuite hostname="LTIN511242" failures="0" tests="1" name="TestCases.TC_02_CarInsurance" time="6.487" errors="0" timestamp="2024-02-24T09:38:03 IST" skipped="0">
  <testcase classname="TestCases.TC_02_CarInsurance" name="verifyCarInsurance" time="6.487"/>
</testsuite> <!-- TestCases.TC_02_CarInsurance -->
