<?xml version="1.0" encoding="UTF-8"?>
<!-- Generated by org.testng.reporters.JUnitReportReporter -->
<testsuite hostname="LTIN511242" failures="0" tests="1" name="TestCases.TC_03_HealthInsurance" time="3.954" errors="0" timestamp="2024-02-24T09:38:03 IST" skipped="0">
  <testcase classname="TestCases.TC_03_HealthInsurance" name="verifyHealthList" time="3.954"/>
</testsuite> <!-- TestCases.TC_03_HealthInsurance -->
